<?xml version="1.0" encoding="UTF-8"?>
<!-- Generated by org.testng.reporters.JUnitReportReporter -->
<testsuite hostname="selenium" failures="0" tests="1" name="launchBrowserTestNG.LaunchBrowser_TestNG" time="6.549" errors="0" timestamp="21 Feb 2019 12:41:32 GMT" skipped="0">
  <testcase classname="launchBrowserTestNG.LaunchBrowser_TestNG" name="LaunchBrowser" time="6.549"/>
</testsuite> <!-- launchBrowserTestNG.LaunchBrowser_TestNG -->
